  FancyPlanet.cpp
c:\users\newst\onedrive\문서\카카오톡 받은 파일\fancyplanet (1) (1)\fancyplanet (1)\fancyplanet\object.h(457): warning C4018: '<': signed 또는 unsigned가 일치하지 않습니다.
  GameFramwork.cpp
c:\users\newst\onedrive\문서\카카오톡 받은 파일\fancyplanet (1) (1)\fancyplanet (1)\fancyplanet\object.h(457): warning C4018: '<': signed 또는 unsigned가 일치하지 않습니다.
c:\users\newst\onedrive\문서\카카오톡 받은 파일\fancyplanet (1) (1)\fancyplanet (1)\fancyplanet\gameframwork.cpp(619): warning C4244: '인수': 'int'에서 'physx::PxReal'(으)로 변환하면서 데이터가 손실될 수 있습니다.
c:\users\newst\onedrive\문서\카카오톡 받은 파일\fancyplanet (1) (1)\fancyplanet (1)\fancyplanet\gameframwork.cpp(1251): warning C4244: '인수': 'int'에서 'physx::PxReal'(으)로 변환하면서 데이터가 손실될 수 있습니다.
  Scene.cpp
c:\users\newst\onedrive\문서\카카오톡 받은 파일\fancyplanet (1) (1)\fancyplanet (1)\fancyplanet\object.h(457): warning C4018: '<': signed 또는 unsigned가 일치하지 않습니다.
c:\users\newst\onedrive\문서\카카오톡 받은 파일\fancyplanet (1) (1)\fancyplanet (1)\fancyplanet\scene.cpp(422): warning C4018: '<': signed 또는 unsigned가 일치하지 않습니다.
c:\users\newst\onedrive\문서\카카오톡 받은 파일\fancyplanet (1) (1)\fancyplanet (1)\fancyplanet\scene.cpp(431): warning C4018: '<': signed 또는 unsigned가 일치하지 않습니다.
c:\users\newst\onedrive\문서\카카오톡 받은 파일\fancyplanet (1) (1)\fancyplanet (1)\fancyplanet\scene.cpp(443): warning C4018: '<': signed 또는 unsigned가 일치하지 않습니다.
c:\users\newst\onedrive\문서\카카오톡 받은 파일\fancyplanet (1) (1)\fancyplanet (1)\fancyplanet\scene.cpp(448): warning C4018: '<': signed 또는 unsigned가 일치하지 않습니다.
c:\users\newst\onedrive\문서\카카오톡 받은 파일\fancyplanet (1) (1)\fancyplanet (1)\fancyplanet\scene.cpp(454): warning C4018: '<': signed 또는 unsigned가 일치하지 않습니다.
c:\users\newst\onedrive\문서\카카오톡 받은 파일\fancyplanet (1) (1)\fancyplanet (1)\fancyplanet\scene.cpp(467): warning C4018: '<': signed 또는 unsigned가 일치하지 않습니다.
c:\users\newst\onedrive\문서\카카오톡 받은 파일\fancyplanet (1) (1)\fancyplanet (1)\fancyplanet\scene.cpp(481): warning C4018: '<': signed 또는 unsigned가 일치하지 않습니다.
c:\users\newst\onedrive\문서\카카오톡 받은 파일\fancyplanet (1) (1)\fancyplanet (1)\fancyplanet\scene.cpp(489): warning C4018: '<': signed 또는 unsigned가 일치하지 않습니다.
c:\users\newst\onedrive\문서\카카오톡 받은 파일\fancyplanet (1) (1)\fancyplanet (1)\fancyplanet\scene.cpp(622): warning C4244: '=': 'UINT'에서 'float'(으)로 변환하면서 데이터가 손실될 수 있습니다.
c:\users\newst\onedrive\문서\카카오톡 받은 파일\fancyplanet (1) (1)\fancyplanet (1)\fancyplanet\scene.cpp(843): warning C4018: '<': signed 또는 unsigned가 일치하지 않습니다.
c:\users\newst\onedrive\문서\카카오톡 받은 파일\fancyplanet (1) (1)\fancyplanet (1)\fancyplanet\scene.cpp(853): warning C4244: '인수': 'int'에서 'float'(으)로 변환하면서 데이터가 손실될 수 있습니다.
c:\users\newst\onedrive\문서\카카오톡 받은 파일\fancyplanet (1) (1)\fancyplanet (1)\fancyplanet\scene.cpp(859): warning C4244: '인수': 'int'에서 'float'(으)로 변환하면서 데이터가 손실될 수 있습니다.
c:\users\newst\onedrive\문서\카카오톡 받은 파일\fancyplanet (1) (1)\fancyplanet (1)\fancyplanet\scene.cpp(865): warning C4244: '인수': 'int'에서 'float'(으)로 변환하면서 데이터가 손실될 수 있습니다.
c:\users\newst\onedrive\문서\카카오톡 받은 파일\fancyplanet (1) (1)\fancyplanet (1)\fancyplanet\scene.cpp(871): warning C4244: '인수': 'int'에서 'float'(으)로 변환하면서 데이터가 손실될 수 있습니다.
c:\users\newst\onedrive\문서\카카오톡 받은 파일\fancyplanet (1) (1)\fancyplanet (1)\fancyplanet\scene.cpp(877): warning C4244: '인수': 'int'에서 'float'(으)로 변환하면서 데이터가 손실될 수 있습니다.
c:\users\newst\onedrive\문서\카카오톡 받은 파일\fancyplanet (1) (1)\fancyplanet (1)\fancyplanet\scene.cpp(880): warning C4244: '인수': 'int'에서 'float'(으)로 변환하면서 데이터가 손실될 수 있습니다.
c:\users\newst\onedrive\문서\카카오톡 받은 파일\fancyplanet (1) (1)\fancyplanet (1)\fancyplanet\scene.cpp(881): warning C4244: '인수': 'int'에서 'float'(으)로 변환하면서 데이터가 손실될 수 있습니다.
c:\users\newst\onedrive\문서\카카오톡 받은 파일\fancyplanet (1) (1)\fancyplanet (1)\fancyplanet\scene.cpp(882): warning C4244: '인수': 'int'에서 'float'(으)로 변환하면서 데이터가 손실될 수 있습니다.
c:\users\newst\onedrive\문서\카카오톡 받은 파일\fancyplanet (1) (1)\fancyplanet (1)\fancyplanet\scene.cpp(883): warning C4244: '인수': 'int'에서 'float'(으)로 변환하면서 데이터가 손실될 수 있습니다.
c:\users\newst\onedrive\문서\카카오톡 받은 파일\fancyplanet (1) (1)\fancyplanet (1)\fancyplanet\scene.cpp(884): warning C4244: '인수': 'int'에서 'float'(으)로 변환하면서 데이터가 손실될 수 있습니다.
c:\users\newst\onedrive\문서\카카오톡 받은 파일\fancyplanet (1) (1)\fancyplanet (1)\fancyplanet\scene.cpp(885): warning C4244: '인수': 'int'에서 'float'(으)로 변환하면서 데이터가 손실될 수 있습니다.
c:\users\newst\onedrive\문서\카카오톡 받은 파일\fancyplanet (1) (1)\fancyplanet (1)\fancyplanet\scene.cpp(898): warning C4018: '<': signed 또는 unsigned가 일치하지 않습니다.
c:\users\newst\onedrive\문서\카카오톡 받은 파일\fancyplanet (1) (1)\fancyplanet (1)\fancyplanet\scene.cpp(904): warning C4018: '<': signed 또는 unsigned가 일치하지 않습니다.
c:\users\newst\onedrive\문서\카카오톡 받은 파일\fancyplanet (1) (1)\fancyplanet (1)\fancyplanet\scene.cpp(909): warning C4018: '<': signed 또는 unsigned가 일치하지 않습니다.
c:\users\newst\onedrive\문서\카카오톡 받은 파일\fancyplanet (1) (1)\fancyplanet (1)\fancyplanet\scene.cpp(914): warning C4018: '<': signed 또는 unsigned가 일치하지 않습니다.
c:\users\newst\onedrive\문서\카카오톡 받은 파일\fancyplanet (1) (1)\fancyplanet (1)\fancyplanet\scene.cpp(919): warning C4018: '<': signed 또는 unsigned가 일치하지 않습니다.
c:\users\newst\onedrive\문서\카카오톡 받은 파일\fancyplanet (1) (1)\fancyplanet (1)\fancyplanet\scene.cpp(924): warning C4018: '<': signed 또는 unsigned가 일치하지 않습니다.
c:\users\newst\onedrive\문서\카카오톡 받은 파일\fancyplanet (1) (1)\fancyplanet (1)\fancyplanet\scene.cpp(946): warning C4018: '<': signed 또는 unsigned가 일치하지 않습니다.
c:\users\newst\onedrive\문서\카카오톡 받은 파일\fancyplanet (1) (1)\fancyplanet (1)\fancyplanet\scene.cpp(950): warning C4018: '<': signed 또는 unsigned가 일치하지 않습니다.
c:\users\newst\onedrive\문서\카카오톡 받은 파일\fancyplanet (1) (1)\fancyplanet (1)\fancyplanet\scene.cpp(954): warning C4018: '<': signed 또는 unsigned가 일치하지 않습니다.
c:\users\newst\onedrive\문서\카카오톡 받은 파일\fancyplanet (1) (1)\fancyplanet (1)\fancyplanet\scene.cpp(958): warning C4018: '<': signed 또는 unsigned가 일치하지 않습니다.
c:\users\newst\onedrive\문서\카카오톡 받은 파일\fancyplanet (1) (1)\fancyplanet (1)\fancyplanet\scene.cpp(962): warning C4018: '<': signed 또는 unsigned가 일치하지 않습니다.
  UIShader.cpp
c:\users\newst\onedrive\문서\카카오톡 받은 파일\fancyplanet (1) (1)\fancyplanet (1)\fancyplanet\object.h(457): warning C4018: '<': signed 또는 unsigned가 일치하지 않습니다.
c:\users\newst\onedrive\문서\카카오톡 받은 파일\fancyplanet (1) (1)\fancyplanet (1)\fancyplanet\uishader.cpp(1047): warning C4244: '초기화 중': '__int64'에서 'UINT'(으)로 변환하면서 데이터가 손실될 수 있습니다.
  코드를 생성하고 있습니다.
c:\users\newst\onedrive\문서\카카오톡 받은 파일\fancyplanet (1) (1)\fancyplanet (1)\fancyplanet\uishader.cpp(543): warning C4172: 지역 변수 또는 임시: xmf4Result의 주소를 반환하고 있습니다.
c:\users\newst\onedrive\문서\카카오톡 받은 파일\fancyplanet (1) (1)\fancyplanet (1)\fancyplanet\object.cpp(1771): warning C4717: 'CPhysXObject::Update': 모든 제어 경로에서 재귀적입니다. 함수로 인해 런타임 스택 오버플로가 발생합니다.
  코드를 생성했습니다.
  FancyPlanet.vcxproj -> C:\Users\newst\OneDrive\문서\카카오톡 받은 파일\FancyPlanet (1) (1)\FancyPlanet (1)\x64\Release\FancyPlanet.exe
