d:\fancyplanet\fancyplanet\fancyplanet\x64\release\vc141.pdb
d:\fancyplanet\fancyplanet\fancyplanet\x64\release\scene.obj
d:\fancyplanet\fancyplanet\fancyplanet\x64\release\gameframwork.obj
d:\fancyplanet\fancyplanet\fancyplanet\x64\release\fancyplanet.pch
d:\fancyplanet\fancyplanet\fancyplanet\x64\release\stdafx.obj
d:\fancyplanet\fancyplanet\fancyplanet\x64\release\uishader.obj
d:\fancyplanet\fancyplanet\fancyplanet\x64\release\timer.obj
d:\fancyplanet\fancyplanet\fancyplanet\x64\release\shader.obj
d:\fancyplanet\fancyplanet\fancyplanet\x64\release\player.obj
d:\fancyplanet\fancyplanet\fancyplanet\x64\release\object.obj
d:\fancyplanet\fancyplanet\fancyplanet\x64\release\mesh.obj
d:\fancyplanet\fancyplanet\fancyplanet\x64\release\fancyplanet.obj
d:\fancyplanet\fancyplanet\fancyplanet\x64\release\ddstextureloader12.obj
d:\fancyplanet\fancyplanet\fancyplanet\x64\release\camera.obj
c:\users\newst\onedrive\문서\카카오톡 받은 파일\fancyplanet (3)\fancyplanet\x64\release\fancyplanet.pch
c:\users\newst\onedrive\문서\카카오톡 받은 파일\fancyplanet (3)\fancyplanet\x64\release\vc141.pdb
c:\users\newst\onedrive\문서\카카오톡 받은 파일\fancyplanet (3)\fancyplanet\x64\release\stdafx.obj
c:\users\newst\onedrive\문서\카카오톡 받은 파일\fancyplanet (3)\fancyplanet\x64\release\uishader.obj
c:\users\newst\onedrive\문서\카카오톡 받은 파일\fancyplanet (3)\fancyplanet\x64\release\timer.obj
c:\users\newst\onedrive\문서\카카오톡 받은 파일\fancyplanet (3)\fancyplanet\x64\release\shader.obj
c:\users\newst\onedrive\문서\카카오톡 받은 파일\fancyplanet (3)\fancyplanet\x64\release\scene.obj
c:\users\newst\onedrive\문서\카카오톡 받은 파일\fancyplanet (3)\fancyplanet\x64\release\player.obj
c:\users\newst\onedrive\문서\카카오톡 받은 파일\fancyplanet (3)\fancyplanet\x64\release\object.obj
c:\users\newst\onedrive\문서\카카오톡 받은 파일\fancyplanet (3)\fancyplanet\x64\release\mesh.obj
c:\users\newst\onedrive\문서\카카오톡 받은 파일\fancyplanet (3)\fancyplanet\x64\release\gameframwork.obj
c:\users\newst\onedrive\문서\카카오톡 받은 파일\fancyplanet (3)\fancyplanet\x64\release\fancyplanet.obj
c:\users\newst\onedrive\문서\카카오톡 받은 파일\fancyplanet (3)\fancyplanet\x64\release\ddstextureloader12.obj
c:\users\newst\onedrive\문서\카카오톡 받은 파일\fancyplanet (3)\fancyplanet\x64\release\camera.obj
c:\users\qweas\documents\카카오톡 받은 파일\fancyplanet (1)\fancyplanet\x64\release\fancyplanet.pch
c:\users\qweas\documents\카카오톡 받은 파일\fancyplanet (1)\fancyplanet\x64\release\vc141.pdb
c:\users\qweas\documents\카카오톡 받은 파일\fancyplanet (1)\fancyplanet\x64\release\stdafx.obj
c:\users\qweas\documents\카카오톡 받은 파일\fancyplanet (1)\fancyplanet\x64\release\uishader.obj
c:\users\qweas\documents\카카오톡 받은 파일\fancyplanet (1)\fancyplanet\x64\release\timer.obj
c:\users\qweas\documents\카카오톡 받은 파일\fancyplanet (1)\fancyplanet\x64\release\shader.obj
c:\users\qweas\documents\카카오톡 받은 파일\fancyplanet (1)\fancyplanet\x64\release\scene.obj
c:\users\qweas\documents\카카오톡 받은 파일\fancyplanet (1)\fancyplanet\x64\release\player.obj
c:\users\qweas\documents\카카오톡 받은 파일\fancyplanet (1)\fancyplanet\x64\release\object.obj
c:\users\qweas\documents\카카오톡 받은 파일\fancyplanet (1)\fancyplanet\x64\release\mesh.obj
c:\users\qweas\documents\카카오톡 받은 파일\fancyplanet (1)\fancyplanet\x64\release\gameframwork.obj
c:\users\qweas\documents\카카오톡 받은 파일\fancyplanet (1)\fancyplanet\x64\release\fancyplanet.obj
c:\users\qweas\documents\카카오톡 받은 파일\fancyplanet (1)\fancyplanet\x64\release\ddstextureloader12.obj
c:\users\qweas\documents\카카오톡 받은 파일\fancyplanet (1)\fancyplanet\x64\release\camera.obj
c:\users\qweas\documents\카카오톡 받은 파일\fancyplanet (1)\x64\release\animation.cso
c:\users\qweas\documents\카카오톡 받은 파일\fancyplanet (1)\x64\release\light.cso
c:\users\qweas\documents\카카오톡 받은 파일\fancyplanet (1)\x64\release\object.cso
c:\users\qweas\documents\카카오톡 받은 파일\fancyplanet (1)\x64\release\shaders.cso
c:\users\qweas\documents\카카오톡 받은 파일\fancyplanet (1)\x64\release\ui.cso
d:\fancyplanet\fancyplanet\x64\release\fancyplanet.exe
d:\fancyplanet\fancyplanet\x64\release\fancyplanet.pdb
c:\users\newst\onedrive\문서\카카오톡 받은 파일\fancyplanet (3)\x64\release\fancyplanet.exe
c:\users\newst\onedrive\문서\카카오톡 받은 파일\fancyplanet (3)\x64\release\fancyplanet.pdb
d:\fancyplanet\fancyplanet\fancyplanet\x64\release\fancyplanet.res
c:\users\newst\onedrive\문서\카카오톡 받은 파일\fancyplanet (3)\fancyplanet\x64\release\fancyplanet.res
c:\users\qweas\documents\카카오톡 받은 파일\fancyplanet (1)\fancyplanet\x64\release\fancyplanet.res
c:\users\qweas\documents\카카오톡 받은 파일\fancyplanet (1)\x64\release\fancyplanet.pdb
c:\users\qweas\documents\카카오톡 받은 파일\fancyplanet (1)\fancyplanet\x64\release\fancyplanet.tlog\cl.command.1.tlog
c:\users\qweas\documents\카카오톡 받은 파일\fancyplanet (1)\fancyplanet\x64\release\fancyplanet.tlog\cl.read.1.tlog
c:\users\qweas\documents\카카오톡 받은 파일\fancyplanet (1)\fancyplanet\x64\release\fancyplanet.tlog\cl.write.1.tlog
c:\users\qweas\documents\카카오톡 받은 파일\fancyplanet (1)\fancyplanet\x64\release\fancyplanet.tlog\fancyplanet.write.1u.tlog
c:\users\qweas\documents\카카오톡 받은 파일\fancyplanet (1)\fancyplanet\x64\release\fancyplanet.tlog\fxc.command.1.tlog
c:\users\qweas\documents\카카오톡 받은 파일\fancyplanet (1)\fancyplanet\x64\release\fancyplanet.tlog\fxc.read.1.tlog
c:\users\qweas\documents\카카오톡 받은 파일\fancyplanet (1)\fancyplanet\x64\release\fancyplanet.tlog\link-cvtres.read.1.tlog
c:\users\qweas\documents\카카오톡 받은 파일\fancyplanet (1)\fancyplanet\x64\release\fancyplanet.tlog\link-cvtres.write.1.tlog
c:\users\qweas\documents\카카오톡 받은 파일\fancyplanet (1)\fancyplanet\x64\release\fancyplanet.tlog\link-rc.read.1.tlog
c:\users\qweas\documents\카카오톡 받은 파일\fancyplanet (1)\fancyplanet\x64\release\fancyplanet.tlog\link-rc.write.1.tlog
c:\users\qweas\documents\카카오톡 받은 파일\fancyplanet (1)\fancyplanet\x64\release\fancyplanet.tlog\link.command.1.tlog
c:\users\qweas\documents\카카오톡 받은 파일\fancyplanet (1)\fancyplanet\x64\release\fancyplanet.tlog\link.read.1.tlog
c:\users\qweas\documents\카카오톡 받은 파일\fancyplanet (1)\fancyplanet\x64\release\fancyplanet.tlog\link.read.9.tlog
c:\users\qweas\documents\카카오톡 받은 파일\fancyplanet (1)\fancyplanet\x64\release\fancyplanet.tlog\link.write.1.tlog
c:\users\qweas\documents\카카오톡 받은 파일\fancyplanet (1)\fancyplanet\x64\release\fancyplanet.tlog\rc.command.1.tlog
c:\users\qweas\documents\카카오톡 받은 파일\fancyplanet (1)\fancyplanet\x64\release\fancyplanet.tlog\rc.read.1.tlog
c:\users\qweas\documents\카카오톡 받은 파일\fancyplanet (1)\fancyplanet\x64\release\fancyplanet.tlog\rc.write.1.tlog
